<?xml version="1.0" encoding="UTF-8"?>
<!-- Generated by org.testng.reporters.JUnitReportReporter -->
<testsuite hostname="SG-LT-407" failures="0" tests="2" name="StepDefinations.TestRunner" time="9.697" errors="0" timestamp="2022-12-13T23:10:09 IST" skipped="0">
  <testcase classname="StepDefinations.TestRunner" name="runScenario" time="3.409"/>
  <system-out/>
  <testcase classname="StepDefinations.TestRunner" name="runScenario" time="6.288"/>
  <system-out/>
</testsuite> <!-- StepDefinations.TestRunner -->
